{"/Users/elie/Desktop/curric/exercises/react-router-dogfinder/solution/dog-finder/src/App.js": {"path":"/Users/elie/Desktop/curric/exercises/react-router-dogfinder/solution/dog-finder/src/App.js","statementMap":{"0":{"start":{"line":22,"column":26},"end":{"line":25,"column":4}},"1":{"start":{"line":28,"column":21},"end":{"line":28,"column":66}},"2":{"start":{"line":29,"column":4},"end":{"line":32,"column":6}},"3":{"start":{"line":35,"column":2},"end":{"line":38,"column":3}},"4":{"start":{"line":36,"column":4},"end":{"line":36,"column":15}},"5":{"start":{"line":37,"column":4},"end":{"line":37,"column":30}},"6":{"start":{"line":40,"column":2},"end":{"line":50,"column":4}}},"fnMap":{"0":{"name":"App","decl":{"start":{"line":21,"column":9},"end":{"line":21,"column":12}},"loc":{"start":{"line":21,"column":15},"end":{"line":51,"column":1}},"line":21},"1":{"name":"loadDogs","decl":{"start":{"line":27,"column":17},"end":{"line":27,"column":25}},"loc":{"start":{"line":27,"column":27},"end":{"line":33,"column":3}},"line":27}},"branchMap":{"0":{"loc":{"start":{"line":35,"column":2},"end":{"line":38,"column":3}},"type":"if","locations":[{"start":{"line":35,"column":2},"end":{"line":38,"column":3}},{"start":{},"end":{}}],"line":35}},"s":{"0":2,"1":1,"2":1,"3":2,"4":1,"5":1,"6":1},"f":{"0":2,"1":1},"b":{"0":[1,1]},"_coverageSchema":"1a1c01bbd47fc00a2c39e90264f33305004495a9","hash":"4d20454d3cd2a396d16f9140aa1a510a1a887c0a"}
,"/Users/elie/Desktop/curric/exercises/react-router-dogfinder/solution/dog-finder/src/DogDetails.js": {"path":"/Users/elie/Desktop/curric/exercises/react-router-dogfinder/solution/dog-finder/src/DogDetails.js","statementMap":{"0":{"start":{"line":21,"column":2},"end":{"line":21,"column":42}},"1":{"start":{"line":21,"column":12},"end":{"line":21,"column":42}},"2":{"start":{"line":23,"column":2},"end":{"line":37,"column":4}},"3":{"start":{"line":31,"column":12},"end":{"line":31,"column":35}}},"fnMap":{"0":{"name":"DogDetails","decl":{"start":{"line":19,"column":9},"end":{"line":19,"column":19}},"loc":{"start":{"line":19,"column":29},"end":{"line":38,"column":1}},"line":19},"1":{"name":"(anonymous_1)","decl":{"start":{"line":30,"column":25},"end":{"line":30,"column":26}},"loc":{"start":{"line":31,"column":12},"end":{"line":31,"column":35}},"line":31}},"branchMap":{"0":{"loc":{"start":{"line":21,"column":2},"end":{"line":21,"column":42}},"type":"if","locations":[{"start":{"line":21,"column":2},"end":{"line":21,"column":42}},{"start":{},"end":{}}],"line":21}},"s":{"0":3,"1":1,"2":2,"3":6},"f":{"0":3,"1":6},"b":{"0":[1,2]},"_coverageSchema":"1a1c01bbd47fc00a2c39e90264f33305004495a9","hash":"dd499c861e2e060607d15cc9136a11cb3911d916"}
,"/Users/elie/Desktop/curric/exercises/react-router-dogfinder/solution/dog-finder/src/DogList.js": {"path":"/Users/elie/Desktop/curric/exercises/react-router-dogfinder/solution/dog-finder/src/DogList.js","statementMap":{"0":{"start":{"line":18,"column":2},"end":{"line":38,"column":4}},"1":{"start":{"line":29,"column":10},"end":{"line":34,"column":16}}},"fnMap":{"0":{"name":"DogList","decl":{"start":{"line":17,"column":9},"end":{"line":17,"column":16}},"loc":{"start":{"line":17,"column":27},"end":{"line":39,"column":1}},"line":17},"1":{"name":"(anonymous_1)","decl":{"start":{"line":28,"column":18},"end":{"line":28,"column":19}},"loc":{"start":{"line":29,"column":10},"end":{"line":34,"column":16}},"line":29}},"branchMap":{},"s":{"0":3,"1":6},"f":{"0":3,"1":6},"b":{},"_coverageSchema":"1a1c01bbd47fc00a2c39e90264f33305004495a9","hash":"6154727e3ef8e4c5ff4a0d2c6900b7f58225c19d"}
,"/Users/elie/Desktop/curric/exercises/react-router-dogfinder/solution/dog-finder/src/FilterDogDetails.js": {"path":"/Users/elie/Desktop/curric/exercises/react-router-dogfinder/solution/dog-finder/src/FilterDogDetails.js","statementMap":{"0":{"start":{"line":20,"column":19},"end":{"line":20,"column":30}},"1":{"start":{"line":22,"column":2},"end":{"line":27,"column":3}},"2":{"start":{"line":23,"column":23},"end":{"line":25,"column":5}},"3":{"start":{"line":24,"column":13},"end":{"line":24,"column":58}},"4":{"start":{"line":26,"column":4},"end":{"line":26,"column":43}},"5":{"start":{"line":29,"column":2},"end":{"line":29,"column":14}}},"fnMap":{"0":{"name":"FilterDogDetails","decl":{"start":{"line":19,"column":9},"end":{"line":19,"column":25}},"loc":{"start":{"line":19,"column":36},"end":{"line":30,"column":1}},"line":19},"1":{"name":"(anonymous_1)","decl":{"start":{"line":24,"column":6},"end":{"line":24,"column":7}},"loc":{"start":{"line":24,"column":13},"end":{"line":24,"column":58}},"line":24}},"branchMap":{"0":{"loc":{"start":{"line":22,"column":2},"end":{"line":27,"column":3}},"type":"if","locations":[{"start":{"line":22,"column":2},"end":{"line":27,"column":3}},{"start":{},"end":{}}],"line":22}},"s":{"0":3,"1":3,"2":2,"3":3,"4":2,"5":1},"f":{"0":3,"1":3},"b":{"0":[2,1]},"_coverageSchema":"1a1c01bbd47fc00a2c39e90264f33305004495a9","hash":"b95ba242b905af542a27efc46af3cc71698e0764"}
,"/Users/elie/Desktop/curric/exercises/react-router-dogfinder/solution/dog-finder/src/NavBar.js": {"path":"/Users/elie/Desktop/curric/exercises/react-router-dogfinder/solution/dog-finder/src/NavBar.js","statementMap":{"0":{"start":{"line":5,"column":16},"end":{"line":12,"column":4}},"1":{"start":{"line":6,"column":4},"end":{"line":11,"column":14}},"2":{"start":{"line":14,"column":2},"end":{"line":21,"column":4}}},"fnMap":{"0":{"name":"NavBar","decl":{"start":{"line":4,"column":9},"end":{"line":4,"column":15}},"loc":{"start":{"line":4,"column":26},"end":{"line":22,"column":1}},"line":4},"1":{"name":"(anonymous_1)","decl":{"start":{"line":5,"column":25},"end":{"line":5,"column":26}},"loc":{"start":{"line":6,"column":4},"end":{"line":11,"column":14}},"line":6}},"branchMap":{},"s":{"0":1,"1":2,"2":1},"f":{"0":1,"1":2},"b":{},"_coverageSchema":"1a1c01bbd47fc00a2c39e90264f33305004495a9","hash":"50de5e61b58bfa04f775cf94b739140822979fff"}
,"/Users/elie/Desktop/curric/exercises/react-router-dogfinder/solution/dog-finder/src/RouteList.js": {"path":"/Users/elie/Desktop/curric/exercises/react-router-dogfinder/solution/dog-finder/src/RouteList.js","statementMap":{"0":{"start":{"line":10,"column":2},"end":{"line":27,"column":4}}},"fnMap":{"0":{"name":"RouteList","decl":{"start":{"line":9,"column":9},"end":{"line":9,"column":18}},"loc":{"start":{"line":9,"column":27},"end":{"line":28,"column":1}},"line":9}},"branchMap":{},"s":{"0":5},"f":{"0":5},"b":{},"_coverageSchema":"1a1c01bbd47fc00a2c39e90264f33305004495a9","hash":"f0bb9ecd71454005200aeb0531082341a4647846"}
,"/Users/elie/Desktop/curric/exercises/react-router-dogfinder/solution/dog-finder/src/_testCommon.js": {"path":"/Users/elie/Desktop/curric/exercises/react-router-dogfinder/solution/dog-finder/src/_testCommon.js","statementMap":{"0":{"start":{"line":1,"column":13},"end":{"line":22,"column":1}}},"fnMap":{},"branchMap":{},"s":{"0":3},"f":{},"b":{},"_coverageSchema":"1a1c01bbd47fc00a2c39e90264f33305004495a9","hash":"fb550acc7bf27c5d80d42fa52687d2c9038c5885"}
}
