TN:
SF:src/App.js
FN:21,App
FN:27,loadDogs
FNF:2
FNH:2
FNDA:2,App
FNDA:1,loadDogs
DA:22,2
DA:28,1
DA:29,1
DA:35,2
DA:36,1
DA:37,1
DA:40,1
LF:7
LH:7
BRDA:35,0,0,1
BRDA:35,0,1,1
BRF:2
BRH:2
end_of_record
TN:
SF:src/DogDetails.js
FN:19,DogDetails
FN:30,(anonymous_1)
FNF:2
FNH:2
FNDA:3,DogDetails
FNDA:6,(anonymous_1)
DA:21,3
DA:23,2
DA:31,6
LF:3
LH:3
BRDA:21,0,0,1
BRDA:21,0,1,2
BRF:2
BRH:2
end_of_record
TN:
SF:src/DogList.js
FN:17,DogList
FN:28,(anonymous_1)
FNF:2
FNH:2
FNDA:3,DogList
FNDA:6,(anonymous_1)
DA:18,3
DA:29,6
LF:2
LH:2
BRF:0
BRH:0
end_of_record
TN:
SF:src/FilterDogDetails.js
FN:19,FilterDogDetails
FN:24,(anonymous_1)
FNF:2
FNH:2
FNDA:3,FilterDogDetails
FNDA:3,(anonymous_1)
DA:20,3
DA:22,3
DA:23,2
DA:24,3
DA:26,2
DA:29,1
LF:6
LH:6
BRDA:22,0,0,2
BRDA:22,0,1,1
BRF:2
BRH:2
end_of_record
TN:
SF:src/NavBar.js
FN:4,NavBar
FN:5,(anonymous_1)
FNF:2
FNH:2
FNDA:1,NavBar
FNDA:2,(anonymous_1)
DA:5,1
DA:6,2
DA:14,1
LF:3
LH:3
BRF:0
BRH:0
end_of_record
TN:
SF:src/RouteList.js
FN:9,RouteList
FNF:1
FNH:1
FNDA:5,RouteList
DA:10,5
LF:1
LH:1
BRF:0
BRH:0
end_of_record
TN:
SF:src/_testCommon.js
FNF:0
FNH:0
DA:1,3
LF:1
LH:1
BRF:0
BRH:0
end_of_record
